Build started 10/11/2014 13:43:45.
     1>Project "C:\Users\Pavarine\Desktop\TrabCG\rt.vcxproj" on node 2 (Build target(s)).
     1>ClCompile:
         C:\Program Files (x86)\Microsoft Visual Studio 12.0\VC\bin\x86_amd64\CL.exe /c /I./ /I./include /Zi /nologo /W3 /WX- /Od /D WIN32 /D _MBCS /Gm /EHsc /RTC1 /MTd /GS /fp:precise /Zc:wchar_t /Zc:forScope /Fo"x64\Debug\\" /Fd"x64\Debug\vc120.pdb" /Gd /TP /errorReport:prompt /D"_CRT_SECURE_NO_WARNINGS" Main.cpp
         Main.cpp
     1>Main.cpp(355): warning C4267: 'initializing' : conversion from 'size_t' to 'int', possible loss of data
     1>Main.cpp(356): warning C4267: 'initializing' : conversion from 'size_t' to 'int', possible loss of data
     1>Main.cpp(357): warning C4267: 'initializing' : conversion from 'size_t' to 'int', possible loss of data
     1>Main.cpp(359): warning C4244: '=' : conversion from 'double' to 'float', possible loss of data
     1>Main.cpp(360): warning C4244: '=' : conversion from 'double' to 'float', possible loss of data
     1>Main.cpp(361): warning C4244: '=' : conversion from 'double' to 'float', possible loss of data
     1>Main.cpp(372): warning C4267: 'initializing' : conversion from 'size_t' to 'int', possible loss of data
     1>Main.cpp(373): warning C4267: 'initializing' : conversion from 'size_t' to 'int', possible loss of data
     1>Main.cpp(374): warning C4267: 'initializing' : conversion from 'size_t' to 'int', possible loss of data
     1>Main.cpp(376): warning C4244: '=' : conversion from 'double' to 'float', possible loss of data
     1>Main.cpp(377): warning C4244: '=' : conversion from 'double' to 'float', possible loss of data
     1>Main.cpp(378): warning C4244: '=' : conversion from 'double' to 'float', possible loss of data
     1>Main.cpp(435): warning C4267: 'initializing' : conversion from 'size_t' to 'int', possible loss of data
     1>Main.cpp(436): warning C4267: 'initializing' : conversion from 'size_t' to 'int', possible loss of data
     1>Main.cpp(437): warning C4267: 'initializing' : conversion from 'size_t' to 'int', possible loss of data
     1>Main.cpp(439): warning C4244: '=' : conversion from 'double' to 'float', possible loss of data
     1>Main.cpp(440): warning C4244: '=' : conversion from 'double' to 'float', possible loss of data
     1>Main.cpp(441): warning C4244: '=' : conversion from 'double' to 'float', possible loss of data
     1>Main.cpp(446): warning C4244: '=' : conversion from 'double' to 'float', possible loss of data
     1>Main.cpp(447): warning C4244: '=' : conversion from 'double' to 'float', possible loss of data
     1>Main.cpp(448): warning C4244: '=' : conversion from 'double' to 'float', possible loss of data
     1>Main.cpp(257): warning C4101: 'aux' : unreferenced local variable
       Link:
         C:\Program Files (x86)\Microsoft Visual Studio 12.0\VC\bin\x86_amd64\link.exe /ERRORREPORT:PROMPT /OUT:"C:\Users\Pavarine\Desktop\TrabCG\x64\Debug\rt.exe" /INCREMENTAL /NOLOGO /LIBPATH:./lib freeglut_static.lib glew64.lib kernel32.lib user32.lib gdi32.lib winspool.lib comdlg32.lib advapi32.lib shell32.lib ole32.lib oleaut32.lib uuid.lib odbc32.lib odbccp32.lib kernel32.lib user32.lib gdi32.lib winspool.lib comdlg32.lib advapi32.lib shell32.lib ole32.lib oleaut32.lib uuid.lib odbc32.lib odbccp32.lib /MANIFEST /MANIFESTUAC:"level='asInvoker' uiAccess='false'" /manifest:embed /DEBUG /PDB:"C:\Users\Pavarine\Desktop\TrabCG\x64\Debug\rt.pdb" /SUBSYSTEM:CONSOLE /TLBID:1 /DYNAMICBASE /NXCOMPAT /IMPLIB:"C:\Users\Pavarine\Desktop\TrabCG\x64\Debug\rt.lib" /MACHINE:X64 x64\Debug\Main.obj
         x64\Debug\Camera.obj
         x64\Debug\Color.obj
         x64\Debug\GLPainter.obj
         x64\Debug\GLProgram.obj
         x64\Debug\GLRenderer.obj
         x64\Debug\Material.obj
         x64\Debug\MeshReader.obj
         x64\Debug\MeshSweeper.obj
         x64\Debug\Renderer.obj
         x64\Debug\Scene.obj
         x64\Debug\Sweeper.obj
         x64\Debug\tinyxml2.obj
         x64\Debug\TriangleMesh.obj
         x64\Debug\TriangleMeshShape.obj
         rt.vcxproj -> C:\Users\Pavarine\Desktop\TrabCG\x64\Debug\rt.exe
     1>Done Building Project "C:\Users\Pavarine\Desktop\TrabCG\rt.vcxproj" (Build target(s)).

Build succeeded.

Time Elapsed 00:00:03.59
